[0.008s] Invoking command in '/home/bei/ros2_learn/chapt2/chapt_ws/build/demo_cpp_pkg': CMAKE_PREFIX_PATH=/opt/ros/humble /usr/bin/cmake /home/bei/ros2_learn/chapt2/chapt_ws/src/demo_cpp_pkg -DCMAKE_INSTALL_PREFIX=/home/bei/ros2_learn/chapt2/chapt_ws/install/demo_cpp_pkg
[0.016s] -- Found rclcpp: 16.0.16 (/opt/ros/humble/share/rclcpp/cmake)
[0.088s] -- Found rosidl_generator_c: 3.1.7 (/opt/ros/humble/share/rosidl_generator_c/cmake)
[0.089s] -- Found rosidl_adapter: 3.1.7 (/opt/ros/humble/share/rosidl_adapter/cmake)
[0.091s] -- Found rosidl_generator_cpp: 3.1.7 (/opt/ros/humble/share/rosidl_generator_cpp/cmake)
[0.094s] -- Using all available rosidl_typesupport_c: rosidl_typesupport_fastrtps_c;rosidl_typesupport_introspection_c
[0.099s] -- Using all available rosidl_typesupport_cpp: rosidl_typesupport_fastrtps_cpp;rosidl_typesupport_introspection_cpp
[0.111s] -- Found rmw_implementation_cmake: 6.1.2 (/opt/ros/humble/share/rmw_implementation_cmake/cmake)
[0.112s] -- Found rmw_fastrtps_cpp: 6.2.9 (/opt/ros/humble/share/rmw_fastrtps_cpp/cmake)
[0.164s] -- Using RMW implementation 'rmw_fastrtps_cpp' as default
[0.182s] -- Found ament_lint_auto: 0.12.14 (/opt/ros/humble/share/ament_lint_auto/cmake)
[0.212s] -- Added test 'cppcheck' to perform static code analysis on C / C++ code
[0.212s] -- Configured cppcheck include dirs: 
[0.212s] -- Configured cppcheck exclude dirs and/or files: 
[0.212s] -- Added test 'lint_cmake' to check CMake code style
[0.212s] -- Added test 'uncrustify' to check C / C++ code style
[0.212s] -- Configured uncrustify additional arguments: 
[0.212s] -- Added test 'xmllint' to check XML markup files
[0.212s] -- Configuring done
[0.216s] -- Generating done
[0.217s] -- Build files have been written to: /home/bei/ros2_learn/chapt2/chapt_ws/build/demo_cpp_pkg
[0.221s] Invoked command in '/home/bei/ros2_learn/chapt2/chapt_ws/build/demo_cpp_pkg' returned '0': CMAKE_PREFIX_PATH=/opt/ros/humble /usr/bin/cmake /home/bei/ros2_learn/chapt2/chapt_ws/src/demo_cpp_pkg -DCMAKE_INSTALL_PREFIX=/home/bei/ros2_learn/chapt2/chapt_ws/install/demo_cpp_pkg
[0.222s] Invoking command in '/home/bei/ros2_learn/chapt2/chapt_ws/build/demo_cpp_pkg': CMAKE_PREFIX_PATH=/opt/ros/humble /usr/bin/cmake --build /home/bei/ros2_learn/chapt2/chapt_ws/build/demo_cpp_pkg -- -j20 -l20
[0.257s] [ 50%] [32mBuilding CXX object CMakeFiles/cpp_node.dir/src/cpp_node.cpp.o[0m
[1.348s] [100%] [32m[1mLinking CXX executable cpp_node[0m
[1.400s] [100%] Built target cpp_node
[1.408s] Invoked command in '/home/bei/ros2_learn/chapt2/chapt_ws/build/demo_cpp_pkg' returned '0': CMAKE_PREFIX_PATH=/opt/ros/humble /usr/bin/cmake --build /home/bei/ros2_learn/chapt2/chapt_ws/build/demo_cpp_pkg -- -j20 -l20
[1.414s] Invoking command in '/home/bei/ros2_learn/chapt2/chapt_ws/build/demo_cpp_pkg': CMAKE_PREFIX_PATH=/opt/ros/humble /usr/bin/cmake --install /home/bei/ros2_learn/chapt2/chapt_ws/build/demo_cpp_pkg
[1.417s] -- Install configuration: ""
[1.417s] -- Installing: /home/bei/ros2_learn/chapt2/chapt_ws/install/demo_cpp_pkg/lib/demo_cpp_pkg/cpp_node
[1.417s] -- Set runtime path of "/home/bei/ros2_learn/chapt2/chapt_ws/install/demo_cpp_pkg/lib/demo_cpp_pkg/cpp_node" to ""
[1.417s] -- Installing: /home/bei/ros2_learn/chapt2/chapt_ws/install/demo_cpp_pkg/share/ament_index/resource_index/package_run_dependencies/demo_cpp_pkg
[1.417s] -- Installing: /home/bei/ros2_learn/chapt2/chapt_ws/install/demo_cpp_pkg/share/ament_index/resource_index/parent_prefix_path/demo_cpp_pkg
[1.417s] -- Installing: /home/bei/ros2_learn/chapt2/chapt_ws/install/demo_cpp_pkg/share/demo_cpp_pkg/environment/ament_prefix_path.sh
[1.417s] -- Installing: /home/bei/ros2_learn/chapt2/chapt_ws/install/demo_cpp_pkg/share/demo_cpp_pkg/environment/ament_prefix_path.dsv
[1.417s] -- Installing: /home/bei/ros2_learn/chapt2/chapt_ws/install/demo_cpp_pkg/share/demo_cpp_pkg/environment/path.sh
[1.418s] -- Installing: /home/bei/ros2_learn/chapt2/chapt_ws/install/demo_cpp_pkg/share/demo_cpp_pkg/environment/path.dsv
[1.418s] -- Installing: /home/bei/ros2_learn/chapt2/chapt_ws/install/demo_cpp_pkg/share/demo_cpp_pkg/local_setup.bash
[1.418s] -- Installing: /home/bei/ros2_learn/chapt2/chapt_ws/install/demo_cpp_pkg/share/demo_cpp_pkg/local_setup.sh
[1.418s] -- Installing: /home/bei/ros2_learn/chapt2/chapt_ws/install/demo_cpp_pkg/share/demo_cpp_pkg/local_setup.zsh
[1.418s] -- Installing: /home/bei/ros2_learn/chapt2/chapt_ws/install/demo_cpp_pkg/share/demo_cpp_pkg/local_setup.dsv
[1.418s] -- Installing: /home/bei/ros2_learn/chapt2/chapt_ws/install/demo_cpp_pkg/share/demo_cpp_pkg/package.dsv
[1.418s] -- Installing: /home/bei/ros2_learn/chapt2/chapt_ws/install/demo_cpp_pkg/share/ament_index/resource_index/packages/demo_cpp_pkg
[1.418s] -- Installing: /home/bei/ros2_learn/chapt2/chapt_ws/install/demo_cpp_pkg/share/demo_cpp_pkg/cmake/demo_cpp_pkgConfig.cmake
[1.418s] -- Installing: /home/bei/ros2_learn/chapt2/chapt_ws/install/demo_cpp_pkg/share/demo_cpp_pkg/cmake/demo_cpp_pkgConfig-version.cmake
[1.418s] -- Installing: /home/bei/ros2_learn/chapt2/chapt_ws/install/demo_cpp_pkg/share/demo_cpp_pkg/package.xml
[1.419s] Invoked command in '/home/bei/ros2_learn/chapt2/chapt_ws/build/demo_cpp_pkg' returned '0': CMAKE_PREFIX_PATH=/opt/ros/humble /usr/bin/cmake --install /home/bei/ros2_learn/chapt2/chapt_ws/build/demo_cpp_pkg
