[0.256s] Invoking command in '/home/bei/ros2_learn/chapt2/chapt_ws/src/demo_python_pkg': AMENT_PREFIX_PATH=/home/bei/ros2_learn/chapt2/chapt_ws/install/demo_cpp_pkg:${AMENT_PREFIX_PATH} CMAKE_PREFIX_PATH=/home/bei/ros2_learn/chapt2/chapt_ws/install/demo_cpp_pkg PYTHONPATH=/home/bei/ros2_learn/chapt2/chapt_ws/build/demo_python_pkg/prefix_override:/usr/lib/python3/dist-packages/colcon_core/task/python/colcon_distutils_commands:/home/bei/ros2_learn/chapt2/chapt_ws/install/demo_python_pkg/lib/python3.10/site-packages:${PYTHONPATH} /usr/bin/python3 -W ignore:setup.py install is deprecated -W ignore:easy_install command is deprecated setup.py egg_info --egg-base ../../build/demo_python_pkg build --build-base /home/bei/ros2_learn/chapt2/chapt_ws/build/demo_python_pkg/build install --record /home/bei/ros2_learn/chapt2/chapt_ws/build/demo_python_pkg/install.log --single-version-externally-managed install_data
[0.347s] running egg_info
[0.347s] creating ../../build/demo_python_pkg/demo_python_pkg.egg-info
[0.347s] writing ../../build/demo_python_pkg/demo_python_pkg.egg-info/PKG-INFO
[0.348s] writing dependency_links to ../../build/demo_python_pkg/demo_python_pkg.egg-info/dependency_links.txt
[0.348s] writing entry points to ../../build/demo_python_pkg/demo_python_pkg.egg-info/entry_points.txt
[0.348s] writing requirements to ../../build/demo_python_pkg/demo_python_pkg.egg-info/requires.txt
[0.348s] writing top-level names to ../../build/demo_python_pkg/demo_python_pkg.egg-info/top_level.txt
[0.348s] writing manifest file '../../build/demo_python_pkg/demo_python_pkg.egg-info/SOURCES.txt'
[0.348s] reading manifest file '../../build/demo_python_pkg/demo_python_pkg.egg-info/SOURCES.txt'
[0.349s] adding license file 'LICENSE'
[0.349s] writing manifest file '../../build/demo_python_pkg/demo_python_pkg.egg-info/SOURCES.txt'
[0.349s] running build
[0.349s] running build_py
[0.349s] creating /home/bei/ros2_learn/chapt2/chapt_ws/build/demo_python_pkg/build
[0.349s] creating /home/bei/ros2_learn/chapt2/chapt_ws/build/demo_python_pkg/build/lib
[0.349s] creating /home/bei/ros2_learn/chapt2/chapt_ws/build/demo_python_pkg/build/lib/demo_python_pkg
[0.349s] copying demo_python_pkg/learn_thread.py -> /home/bei/ros2_learn/chapt2/chapt_ws/build/demo_python_pkg/build/lib/demo_python_pkg
[0.349s] copying demo_python_pkg/writer_node.py -> /home/bei/ros2_learn/chapt2/chapt_ws/build/demo_python_pkg/build/lib/demo_python_pkg
[0.349s] copying demo_python_pkg/python_node.py -> /home/bei/ros2_learn/chapt2/chapt_ws/build/demo_python_pkg/build/lib/demo_python_pkg
[0.349s] copying demo_python_pkg/person_node.py -> /home/bei/ros2_learn/chapt2/chapt_ws/build/demo_python_pkg/build/lib/demo_python_pkg
[0.349s] copying demo_python_pkg/__init__.py -> /home/bei/ros2_learn/chapt2/chapt_ws/build/demo_python_pkg/build/lib/demo_python_pkg
[0.349s] running install
[0.349s] running install_lib
[0.349s] creating /home/bei/ros2_learn/chapt2/chapt_ws/install/demo_python_pkg/lib/python3.10/site-packages/demo_python_pkg
[0.349s] copying /home/bei/ros2_learn/chapt2/chapt_ws/build/demo_python_pkg/build/lib/demo_python_pkg/learn_thread.py -> /home/bei/ros2_learn/chapt2/chapt_ws/install/demo_python_pkg/lib/python3.10/site-packages/demo_python_pkg
[0.349s] copying /home/bei/ros2_learn/chapt2/chapt_ws/build/demo_python_pkg/build/lib/demo_python_pkg/writer_node.py -> /home/bei/ros2_learn/chapt2/chapt_ws/install/demo_python_pkg/lib/python3.10/site-packages/demo_python_pkg
[0.349s] copying /home/bei/ros2_learn/chapt2/chapt_ws/build/demo_python_pkg/build/lib/demo_python_pkg/python_node.py -> /home/bei/ros2_learn/chapt2/chapt_ws/install/demo_python_pkg/lib/python3.10/site-packages/demo_python_pkg
[0.349s] copying /home/bei/ros2_learn/chapt2/chapt_ws/build/demo_python_pkg/build/lib/demo_python_pkg/person_node.py -> /home/bei/ros2_learn/chapt2/chapt_ws/install/demo_python_pkg/lib/python3.10/site-packages/demo_python_pkg
[0.349s] copying /home/bei/ros2_learn/chapt2/chapt_ws/build/demo_python_pkg/build/lib/demo_python_pkg/__init__.py -> /home/bei/ros2_learn/chapt2/chapt_ws/install/demo_python_pkg/lib/python3.10/site-packages/demo_python_pkg
[0.350s] byte-compiling /home/bei/ros2_learn/chapt2/chapt_ws/install/demo_python_pkg/lib/python3.10/site-packages/demo_python_pkg/learn_thread.py to learn_thread.cpython-310.pyc
[0.350s] byte-compiling /home/bei/ros2_learn/chapt2/chapt_ws/install/demo_python_pkg/lib/python3.10/site-packages/demo_python_pkg/writer_node.py to writer_node.cpython-310.pyc
[0.350s] byte-compiling /home/bei/ros2_learn/chapt2/chapt_ws/install/demo_python_pkg/lib/python3.10/site-packages/demo_python_pkg/python_node.py to python_node.cpython-310.pyc
[0.350s] byte-compiling /home/bei/ros2_learn/chapt2/chapt_ws/install/demo_python_pkg/lib/python3.10/site-packages/demo_python_pkg/person_node.py to person_node.cpython-310.pyc
[0.350s] byte-compiling /home/bei/ros2_learn/chapt2/chapt_ws/install/demo_python_pkg/lib/python3.10/site-packages/demo_python_pkg/__init__.py to __init__.cpython-310.pyc
[0.350s] running install_data
[0.350s] creating /home/bei/ros2_learn/chapt2/chapt_ws/install/demo_python_pkg/share/ament_index
[0.353s] creating /home/bei/ros2_learn/chapt2/chapt_ws/install/demo_python_pkg/share/ament_index/resource_index
[0.353s] creating /home/bei/ros2_learn/chapt2/chapt_ws/install/demo_python_pkg/share/ament_index/resource_index/packages
[0.353s] copying resource/demo_python_pkg -> /home/bei/ros2_learn/chapt2/chapt_ws/install/demo_python_pkg/share/ament_index/resource_index/packages
[0.353s] copying package.xml -> /home/bei/ros2_learn/chapt2/chapt_ws/install/demo_python_pkg/share/demo_python_pkg
[0.353s] running install_egg_info
[0.354s] Copying ../../build/demo_python_pkg/demo_python_pkg.egg-info to /home/bei/ros2_learn/chapt2/chapt_ws/install/demo_python_pkg/lib/python3.10/site-packages/demo_python_pkg-0.0.0-py3.10.egg-info
[0.354s] running install_scripts
[0.360s] Installing learn_thread script to /home/bei/ros2_learn/chapt2/chapt_ws/install/demo_python_pkg/lib/demo_python_pkg
[0.360s] Installing person_node script to /home/bei/ros2_learn/chapt2/chapt_ws/install/demo_python_pkg/lib/demo_python_pkg
[0.360s] Installing python_node script to /home/bei/ros2_learn/chapt2/chapt_ws/install/demo_python_pkg/lib/demo_python_pkg
[0.360s] Installing writer_node script to /home/bei/ros2_learn/chapt2/chapt_ws/install/demo_python_pkg/lib/demo_python_pkg
[0.360s] writing list of installed files to '/home/bei/ros2_learn/chapt2/chapt_ws/build/demo_python_pkg/install.log'
[0.370s] Invoked command in '/home/bei/ros2_learn/chapt2/chapt_ws/src/demo_python_pkg' returned '0': AMENT_PREFIX_PATH=/home/bei/ros2_learn/chapt2/chapt_ws/install/demo_cpp_pkg:${AMENT_PREFIX_PATH} CMAKE_PREFIX_PATH=/home/bei/ros2_learn/chapt2/chapt_ws/install/demo_cpp_pkg PYTHONPATH=/home/bei/ros2_learn/chapt2/chapt_ws/build/demo_python_pkg/prefix_override:/usr/lib/python3/dist-packages/colcon_core/task/python/colcon_distutils_commands:/home/bei/ros2_learn/chapt2/chapt_ws/install/demo_python_pkg/lib/python3.10/site-packages:${PYTHONPATH} /usr/bin/python3 -W ignore:setup.py install is deprecated -W ignore:easy_install command is deprecated setup.py egg_info --egg-base ../../build/demo_python_pkg build --build-base /home/bei/ros2_learn/chapt2/chapt_ws/build/demo_python_pkg/build install --record /home/bei/ros2_learn/chapt2/chapt_ws/build/demo_python_pkg/install.log --single-version-externally-managed install_data
