[0.004s] Invoking command in '/home/bei/ros2_learn/chapt2/chapt_ws/build/demo_cpp_pkg': CMAKE_PREFIX_PATH=/opt/ros/humble /usr/bin/cmake /home/bei/ros2_learn/chapt2/chapt_ws/src/demo_cpp_pkg -DCMAKE_INSTALL_PREFIX=/home/bei/ros2_learn/chapt2/chapt_ws/install/demo_cpp_pkg
[0.034s] -- The C compiler identification is GNU 11.4.0
[0.062s] -- The CXX compiler identification is GNU 11.4.0
[0.065s] -- Detecting C compiler ABI info
[0.098s] -- Detecting C compiler ABI info - done
[0.101s] -- Check for working C compiler: /usr/bin/cc - skipped
[0.101s] -- Detecting C compile features
[0.101s] -- Detecting C compile features - done
[0.102s] -- Detecting CXX compiler ABI info
[0.146s] -- Detecting CXX compiler ABI info - done
[0.149s] -- Check for working CXX compiler: /usr/bin/c++ - skipped
[0.149s] -- Detecting CXX compile features
[0.149s] -- Detecting CXX compile features - done
[0.150s] -- Found rclcpp: 16.0.16 (/opt/ros/humble/share/rclcpp/cmake)
[0.225s] -- Found Python3: /usr/bin/python3 (found version "3.10.12") found components: Interpreter 
[0.281s] -- Found rosidl_generator_c: 3.1.7 (/opt/ros/humble/share/rosidl_generator_c/cmake)
[0.283s] -- Found rosidl_adapter: 3.1.7 (/opt/ros/humble/share/rosidl_adapter/cmake)
[0.286s] -- Found rosidl_generator_cpp: 3.1.7 (/opt/ros/humble/share/rosidl_generator_cpp/cmake)
[0.293s] -- Using all available rosidl_typesupport_c: rosidl_typesupport_fastrtps_c;rosidl_typesupport_introspection_c
[0.298s] -- Using all available rosidl_typesupport_cpp: rosidl_typesupport_fastrtps_cpp;rosidl_typesupport_introspection_cpp
[0.317s] -- Found rmw_implementation_cmake: 6.1.2 (/opt/ros/humble/share/rmw_implementation_cmake/cmake)
[0.318s] -- Found rmw_fastrtps_cpp: 6.2.9 (/opt/ros/humble/share/rmw_fastrtps_cpp/cmake)
[0.372s] -- Found OpenSSL: /usr/lib/x86_64-linux-gnu/libcrypto.so (found version "3.0.2")  
[0.386s] -- Found FastRTPS: /opt/ros/humble/include  
[0.408s] -- Using RMW implementation 'rmw_fastrtps_cpp' as default
[0.411s] -- Looking for pthread.h
[0.455s] -- Looking for pthread.h - found
[0.455s] -- Performing Test CMAKE_HAVE_LIBC_PTHREAD
[0.491s] -- Performing Test CMAKE_HAVE_LIBC_PTHREAD - Success
[0.491s] -- Found Threads: TRUE  
[0.512s] [31mCMake Error at CMakeLists.txt:24 (install):
[0.512s]   install TARGETS given target "person_node" which does not exist.
[0.512s] 
[0.512s] [0m
[0.513s] -- Found ament_lint_auto: 0.12.14 (/opt/ros/humble/share/ament_lint_auto/cmake)
[0.545s] -- Added test 'cppcheck' to perform static code analysis on C / C++ code
[0.545s] -- Configured cppcheck include dirs: 
[0.545s] -- Configured cppcheck exclude dirs and/or files: 
[0.545s] -- Added test 'lint_cmake' to check CMake code style
[0.546s] -- Added test 'uncrustify' to check C / C++ code style
[0.546s] -- Configured uncrustify additional arguments: 
[0.546s] -- Added test 'xmllint' to check XML markup files
[0.546s] -- Configuring incomplete, errors occurred!
[0.546s] See also "/home/bei/ros2_learn/chapt2/chapt_ws/build/demo_cpp_pkg/CMakeFiles/CMakeOutput.log".
[0.552s] Invoked command in '/home/bei/ros2_learn/chapt2/chapt_ws/build/demo_cpp_pkg' returned '1': CMAKE_PREFIX_PATH=/opt/ros/humble /usr/bin/cmake /home/bei/ros2_learn/chapt2/chapt_ws/src/demo_cpp_pkg -DCMAKE_INSTALL_PREFIX=/home/bei/ros2_learn/chapt2/chapt_ws/install/demo_cpp_pkg
